Number of  Commands: 0


All commands completed successfully. :-)

Number of  Commands: 0


All commands completed successfully. :-)

0.113878396253567 0.00601403626398599 -0.288931177396078 0.116845890383727 -0.0623951849270095
-0.205825241959544 -0.0425106229329352 0.105869306750978 0.0838863166639172 0.920431470167386
0.0605997439072028 -0.0508613970136117 0.164942283336133 -0.00112858642312629 -0.301625988940669
0.109961871268385 0.0710023601020177 -0.106157338939236 0.00382841567848074 -0.283980480309488
0.0313556107702362 -0.117342721827068 0.280786277842155 0.207292724489357 0.210872306047815
-0.0944754437140381 -0.0237016701791684 -0.0147142461709549 0.132546480887615 -0.108348952361475
-0.0141547905977095 -0.0422046105306696 0.186753135798492 0.082800764929794 -0.506202082833695
-0.179222323877243 -0.212943725667422 0.429788773722009 -0.251571324771214 -0.0384336560015133
-0.125922560665045 0.00617563631226195 -0.0139554588809544 -0.0104858380082145 0.248608634524207
0.00386169437156249 -0.118406078651811 0.0250858275656114 0.000967996126965326 -0.252317460710084
Number of  Commands: 0


All commands completed successfully. :-)

Number of  Commands: 0


All commands completed successfully. :-)

0.113878396253567 0.00601403626398599 -0.288931177396078 0.116845890383727 -0.0623951849270095
-0.205825241959544 -0.0425106229329352 0.105869306750978 0.0838863166639172 0.920431470167386
0.0605997439072028 -0.0508613970136117 0.164942283336133 -0.00112858642312629 -0.301625988940669
0.109961871268385 0.0710023601020177 -0.106157338939236 0.00382841567848074 -0.283980480309488
0.0313556107702362 -0.117342721827068 0.280786277842155 0.207292724489357 0.210872306047815
-0.0944754437140381 -0.0237016701791684 -0.0147142461709549 0.132546480887615 -0.108348952361475
-0.0141547905977095 -0.0422046105306696 0.186753135798492 0.082800764929794 -0.506202082833695
-0.179222323877243 -0.212943725667422 0.429788773722009 -0.251571324771214 -0.0384336560015133
-0.125922560665045 0.00617563631226195 -0.0139554588809544 -0.0104858380082145 0.248608634524207
0.00386169437156249 -0.118406078651811 0.0250858275656114 0.000967996126965326 -0.252317460710084
Number of  Commands: 0


All commands completed successfully. :-)

Number of  Commands: 0


All commands completed successfully. :-)

0.113878396253567 0.00601403626398599 -0.288931177396078 0.116845890383727 -0.0623951849270095
-0.205825241959544 -0.0425106229329352 0.105869306750978 0.0838863166639172 0.920431470167386
0.0605997439072028 -0.0508613970136117 0.164942283336133 -0.00112858642312629 -0.301625988940669
0.109961871268385 0.0710023601020177 -0.106157338939236 0.00382841567848074 -0.283980480309488
0.0313556107702362 -0.117342721827068 0.280786277842155 0.207292724489357 0.210872306047815
-0.0944754437140381 -0.0237016701791684 -0.0147142461709549 0.132546480887615 -0.108348952361475
-0.0141547905977095 -0.0422046105306696 0.186753135798492 0.082800764929794 -0.506202082833695
-0.179222323877243 -0.212943725667422 0.429788773722009 -0.251571324771214 -0.0384336560015133
-0.125922560665045 0.00617563631226195 -0.0139554588809544 -0.0104858380082145 0.248608634524207
0.00386169437156249 -0.118406078651811 0.0250858275656114 0.000967996126965326 -0.252317460710084
Number of  Commands: 0


All commands completed successfully. :-)

Number of  Commands: 0


All commands completed successfully. :-)

0.113878396253567 0.00601403626398599 -0.288931177396078 0.116845890383727 -0.0623951849270095
-0.205825241959544 -0.0425106229329352 0.105869306750978 0.0838863166639172 0.920431470167386
0.0605997439072028 -0.0508613970136117 0.164942283336133 -0.00112858642312629 -0.301625988940669
0.109961871268385 0.0710023601020177 -0.106157338939236 0.00382841567848074 -0.283980480309488
0.0313556107702362 -0.117342721827068 0.280786277842155 0.207292724489357 0.210872306047815
-0.0944754437140381 -0.0237016701791684 -0.0147142461709549 0.132546480887615 -0.108348952361475
-0.0141547905977095 -0.0422046105306696 0.186753135798492 0.082800764929794 -0.506202082833695
-0.179222323877243 -0.212943725667422 0.429788773722009 -0.251571324771214 -0.0384336560015133
-0.125922560665045 0.00617563631226195 -0.0139554588809544 -0.0104858380082145 0.248608634524207
0.00386169437156249 -0.118406078651811 0.0250858275656114 0.000967996126965326 -0.252317460710084
Number of  Commands: 0


All commands completed successfully. :-)

Number of  Commands: 0


All commands completed successfully. :-)

0.113878396253567 0.00601403626398599 -0.288931177396078 0.116845890383727 -0.0623951849270095
-0.205825241959544 -0.0425106229329352 0.105869306750978 0.0838863166639172 0.920431470167386
0.0605997439072028 -0.0508613970136117 0.164942283336133 -0.00112858642312629 -0.301625988940669
0.109961871268385 0.0710023601020177 -0.106157338939236 0.00382841567848074 -0.283980480309488
0.0313556107702362 -0.117342721827068 0.280786277842155 0.207292724489357 0.210872306047815
-0.0944754437140381 -0.0237016701791684 -0.0147142461709549 0.132546480887615 -0.108348952361475
-0.0141547905977095 -0.0422046105306696 0.186753135798492 0.082800764929794 -0.506202082833695
-0.179222323877243 -0.212943725667422 0.429788773722009 -0.251571324771214 -0.0384336560015133
-0.125922560665045 0.00617563631226195 -0.0139554588809544 -0.0104858380082145 0.248608634524207
0.00386169437156249 -0.118406078651811 0.0250858275656114 0.000967996126965326 -0.252317460710084
Number of  Commands: 0


All commands completed successfully. :-)

Number of  Commands: 0


All commands completed successfully. :-)

0.113878396253567 0.00601403626398599 -0.288931177396078 0.116845890383727 -0.0623951849270095
-0.205825241959544 -0.0425106229329352 0.105869306750978 0.0838863166639172 0.920431470167386
0.0605997439072028 -0.0508613970136117 0.164942283336133 -0.00112858642312629 -0.301625988940669
0.109961871268385 0.0710023601020177 -0.106157338939236 0.00382841567848074 -0.283980480309488
0.0313556107702362 -0.117342721827068 0.280786277842155 0.207292724489357 0.210872306047815
-0.0944754437140381 -0.0237016701791684 -0.0147142461709549 0.132546480887615 -0.108348952361475
-0.0141547905977095 -0.0422046105306696 0.186753135798492 0.082800764929794 -0.506202082833695
-0.179222323877243 -0.212943725667422 0.429788773722009 -0.251571324771214 -0.0384336560015133
-0.125922560665045 0.00617563631226195 -0.0139554588809544 -0.0104858380082145 0.248608634524207
0.00386169437156249 -0.118406078651811 0.0250858275656114 0.000967996126965326 -0.252317460710084
Number of  Commands: 5
Loading required package: glmnet
Loading required package: glmnet
Loading required package: glmnet
Loading required package: glmnet
Loading required package: glmnet
Loading required package: Matrix
Loading required package: Matrix
Loading required package: Matrix
Loading required package: Matrix
Loading required package: Matrix
Loaded glmnet 4.0
Loaded glmnet 4.0
Loaded glmnet 4.0
Loading required package: ppls
Loading required package: ppls
Loading required package: ppls
Loading required package: splines
Loading required package: splines
Loading required package: splines
Loaded glmnet 4.0
Loaded glmnet 4.0
Loading required package: ppls
Loading required package: ppls
Loading required package: splines
Loading required package: splines
Loading required package: Epi
Loading required package: Epi
Loading required package: Epi
Loading required package: Epi
Loading required package: Epi
Loading required package: GeneNet
Loading required package: GeneNet
Loading required package: GeneNet
Loading required package: GeneNet
Loading required package: GeneNet
Loading required package: corpcor
Loading required package: corpcor
Loading required package: corpcor
Loading required package: corpcor
Loading required package: corpcor
Loading required package: longitudinal
Loading required package: longitudinal
Loading required package: longitudinal
Loading required package: longitudinal
Loading required package: longitudinal
Loading required package: fdrtool
Loading required package: fdrtool
Loading required package: fdrtool
Loading required package: fdrtool
Loading required package: fdrtool

Attaching package: ‘matrixcalc’


Attaching package: ‘matrixcalc’


Attaching package: ‘matrixcalc’


Attaching package: ‘matrixcalc’


Attaching package: ‘matrixcalc’

The following object is masked from ‘package:corpcor’:

    is.positive.definite

The following object is masked from ‘package:corpcor’:

    is.positive.definite

The following object is masked from ‘package:corpcor’:

    is.positive.definite

The following object is masked from ‘package:corpcor’:

    is.positive.definite

The following object is masked from ‘package:corpcor’:

    is.positive.definite

[1] 1
[1] 1
[1] 1
[1] 1
[1] 1
[1] 2
[1] 2
[1] 2
[1] 2
[1] 2
[1] 3
[1] 3
[1] 3
[1] 3
[1] 3
[1] 4
[1] 4
[1] 4
[1] 4
[1] 4
[1] 5
[1] 5
[1] 5
[1] 5
[1] 5
[1] 6
[1] 6
[1] 6
[1] 6
[1] 6
[1] 7
[1] 7
[1] 7
[1] 7
[1] 7
[1] 8
[1] 8
[1] 8
[1] 8
[1] 8
[1] 9
[1] 9
[1] 9
[1] 9
[1] 9
[1] 10
[1] 10
[1] 10
[1] 10
[1] 10
[1] 11
[1] 11
[1] 11
[1] 11
[1] 11
[1] 12
[1] 12
[1] 12
[1] 12
[1] 12
[1] 13
[1] 13
[1] 13
[1] 13
[1] 13
[1] 14
[1] 14
[1] 14
[1] 14
[1] 15
[1] 15
[1] 15
[1] 14
[1] 15
[1] 16
[1] 16
[1] 16
[1] 15
[1] 16
[1] 17
[1] 17
[1] 17
[1] 16
[1] 17
[1] 18
[1] 18
[1] 18
[1] 17
[1] 18
[1] 19
[1] 19
[1] 19
[1] 18
[1] 19
[1] 20
[1] 20
[1] 20
[1] 19
[1] 20
[1] 21
[1] 21
[1] 21
[1] 20
[1] 22
[1] 21
[1] 22
[1] 22
[1] 21
[1] 23
[1] 22
[1] 23
[1] 23
[1] 22
[1] 24
[1] 23
[1] 24
[1] 24
[1] 23
[1] 25
[1] 25
[1] 24
[1] 25
[1] 24
[1] 26
[1] 26
[1] 25
[1] 26
[1] 25
[1] 27
[1] 27
[1] 26
[1] 27
[1] 26
[1] 28
[1] 28
[1] 27
[1] 28
[1] 27
[1] 29
[1] 29
[1] 28
[1] 29
[1] 30
[1] 28
[1] 30
[1] 29
[1] 30
[1] 31
[1] 29
[1] 31
[1] 30
[1] 31
[1] 32
[1] 30
[1] 32
[1] 32
[1] 31
[1] 33
[1] 31
[1] 33
[1] 33
[1] 32
[1] 34
[1] 34
[1] 32
[1] 34
[1] 33
[1] 35


Execution halted
Execution halted

Execution halted

Execution halted

Execution halted


We are sorry, commands in file: [FailedCommands] failed.  :-( 

Number of  Commands: 11
[1] 1
[1] 2
[1] 3
[1] 4
[1][1] 1
[1] 1
 5
[1] 1
[1] 1
[1] 2
[1] 1
[1] 1
[1] 2
[1] 6
[1] 2
[1] 2
[1] 2
[1] 3
[1][1] 2
 3
[1] 1
[1] 7
[1] 3
[1] 3
[1] 3
[1][1] 4
 1
[1] 3
[1] 4
[1] 8
[1] 4
[1] 4
[1] 4
[1] 2
[1] 2
[1] 5
[1] 4
[1] 5
[1] 9
[1] 3
[1] 5
[1] 3
[1] 5
[1] 5
[1] 6
[1] 5
[1] 6
[1] 4
[1] 10
[1] 4
[1] 6
[1] 6
[1] 6
[1] 7
[1] 6
[1] 7
[1] 5
[1] 11
[1][1] 5
[1] 7
 1
[1] 7
[1] 7
[1] 8
[1] 7
[1] 8
[1] 2
[1] 8
[1] 6
[1] 8
[1] 9
[1] 8
[1] 6
[1] 12
[1] 9
[1] 8
[1] 3
[1] 9
[1] 10
[1][1] 9 7

[1] 9
[1] 7
[1] 13
[1] 10
[1] 9
[1] 4
[1] 10
[1] 11
[1] 10
[1] 10[1]
 8
[1] 8
[1] 14
[1] 11
[1] 10
[1] 5
[1] 11
[1] 12
[1] 11
[1] 11
[1] 9
[1] 9
[1] 12
[1] 15
[1] 11
[1] 13
[1] 13
[1] 12
[1] 12
[1] 6
[1] 12
[1] 14
[1] 14
[1] 12
[1] 13
[1] 10
[1] 10
[1] 16
[1] 13
[1] 15
[1] 7
[1] 13
[1] 15
[1] 13
[1] 14
[1] 11
[1] 11
[1] 14
[1] 17
[1] 16
[1] 8
[1] 14
[1] 16
[1] 14
[1] 15
[1] 12
[1] 12
[1] 17
[1] 15
[1] 18
[1] 9
[1] 17
[1] 15
[1] 15
[1] 16
[1] 18
[1] 13
[1] 13
[1] 16
[1] 19
[1] 10
[1] 18
[1] 19
[1] 16
[1] 16
[1] 17
[1] 14
[1] 14
[1] 17
[1] 20
[1] 20
[1] 11
[1] 19
[1] 17
[1] 17
[1] 18
[1] 15
[1] 15
[1] 18
[1] 20
[1] 12
[1] 18
[1] 18
[1] 19
[1] 16
[1] 16
[1] 19
[1] 13
[1] 19
[1] 19
[1] 20
[1] 17
[1] 17
[1] 20
[1] 14
[1] 20
[1] 20
[1] 18
[1] 18
[1] 15
[1] 16
[1] 19
[1] 17
[1] 19
[1] 20
[1] 18
[1] 20
[1] 19
[1] 20
[1] 1
[1] 2
[1] 3
[1] 4
[1] 5
[1] 6
[1] 7
[1] 8
[1] 9
[1] 10
[1] 11
[1] 12
[1] 13
[1] 14
[1] 15
[1] 16
[1] 17
[1] 18
[1] 19
[1] 20


All commands completed successfully. :-)

0.113878396253567 0.00601403626398599 -0.288931177396078 0.116845890383727 -0.0623951849270095
-0.205825241959544 -0.0425106229329352 0.105869306750978 0.0838863166639172 0.920431470167386
0.0605997439072028 -0.0508613970136117 0.164942283336133 -0.00112858642312629 -0.301625988940669
0.109961871268385 0.0710023601020177 -0.106157338939236 0.00382841567848074 -0.283980480309488
0.0313556107702362 -0.117342721827068 0.280786277842155 0.207292724489357 0.210872306047815
-0.0944754437140381 -0.0237016701791684 -0.0147142461709549 0.132546480887615 -0.108348952361475
-0.0141547905977095 -0.0422046105306696 0.186753135798492 0.082800764929794 -0.506202082833695
-0.179222323877243 -0.212943725667422 0.429788773722009 -0.251571324771214 -0.0384336560015133
-0.125922560665045 0.00617563631226195 -0.0139554588809544 -0.0104858380082145 0.248608634524207
0.00386169437156249 -0.118406078651811 0.0250858275656114 0.000967996126965326 -0.252317460710084
Number of  Commands: 11
Loading required package: glmnet
Loading required package: glmnet
Loading required package: glmnet
Loading required package: glmnet
Loading required package: glmnet
Loading required package: glmnet
Loading required package: glmnet
Loading required package: glmnet
Loading required package: glmnet
Loading required package: glmnet
Loading required package: Matrix
Loading required package: Matrix
Loading required package: Matrix
Loading required package: Matrix
Loading required package: Matrix
Loading required package: Matrix
Loading required package: Matrix
Loading required package: Matrix
Loading required package: Matrix
Loading required package: Matrix
Loaded glmnet 4.0
Loaded glmnet 4.0
Loading required package: ppls
Loading required package: ppls
Loading required package: splines
Loading required package: splines
Loading required package: Epi
Loading required package: Epi
Loaded glmnet 4.0
Loading required package: ppls
Loading required package: splines
Loaded glmnet 4.0
Loading required package: ppls
Loading required package: splines
Loading required package: Epi
Loaded glmnet 4.0
Loaded glmnet 4.0
Loading required package: ppls
Loading required package: ppls
Loading required package: splines
Loading required package: Epi
Loading required package: splines
Loading required package: Epi
Loaded glmnet 4.0
Loading required package: Epi
Loading required package: ppls
Loaded glmnet 4.0
Loading required package: splines
Loading required package: ppls
Loaded glmnet 4.0
Loading required package: splines
Loading required package: ppls
Loading required package: splines
Loading required package: Epi
Loaded glmnet 4.0
Loading required package: Epi
Loading required package: ppls
Loading required package: Epi
Loading required package: splines
Loading required package: Epi
Loading required package: GeneNet
Loading required package: GeneNet
Loading required package: GeneNet
Loading required package: GeneNet
Loading required package: GeneNet
Loading required package: GeneNet
Loading required package: GeneNet
Loading required package: GeneNet
Loading required package: GeneNet
Loading required package: GeneNet
Loading required package: corpcor
Loading required package: corpcor
Loading required package: corpcor
Loading required package: corpcor
Loading required package: corpcor
Loading required package: corpcor
Loading required package: corpcor
Loading required package: corpcor
Loading required package: corpcor
Loading required package: corpcor
Loading required package: longitudinal
Loading required package: longitudinal
Loading required package: longitudinal
Loading required package: longitudinal
Loading required package: longitudinal
Loading required package: longitudinal
Loading required package: longitudinal
Loading required package: longitudinal
Loading required package: longitudinal
Loading required package: longitudinal
Loading required package: fdrtool
Loading required package: fdrtool
Loading required package: fdrtool
Loading required package: fdrtool
Loading required package: fdrtool
Loading required package: fdrtool
Loading required package: fdrtool
Loading required package: fdrtool
Loading required package: fdrtool
Loading required package: fdrtool

Attaching package: ‘matrixcalc’


Attaching package: ‘matrixcalc’


Attaching package: ‘matrixcalc’


Attaching package: ‘matrixcalc’


Attaching package: ‘matrixcalc’


Attaching package: ‘matrixcalc’


Attaching package: ‘matrixcalc’


Attaching package: ‘matrixcalc’


Attaching package: ‘matrixcalc’


Attaching package: ‘matrixcalc’

The following object is masked from ‘package:corpcor’:

    is.positive.definite

The following object is masked from ‘package:corpcor’:

    is.positive.definite

The following object is masked from ‘package:corpcor’:

    is.positive.definite

The following object is masked from ‘package:corpcor’:

    is.positive.definite

The following object is masked from ‘package:corpcor’:

    is.positive.definite

The following object is masked from ‘package:corpcor’:

    is.positive.definite

The following object is masked from ‘package:corpcor’:

    is.positive.definite

The following object is masked from ‘package:corpcor’:

    is.positive.definite

The following object is masked from ‘package:corpcor’:

    is.positive.definite

The following object is masked from ‘package:corpcor’:

    is.positive.definite

[1] 1
[1] 1
[1] 1[1]
 1
[1] 1
[1] 1
[1] 1
[1] 1
[1] 1[1]
 1
[1] 2
[1] 2
[1] 2
[1] 2
[1] 2
[1] 2
[1] 2
[1] 2
[1] 2
[1] 2
[1] 3
[1] 3
[1] 3
[1] 3
[1] 3
[1] 3
[1] 3
[1] 3
[1] 3
[1] 3
[1] 4
[1] 4
[1] 4
[1] 4
[1] 4
[1] 4
[1] 4
[1] 4
[1] 4
[1] 4
[1] 5
[1] 5
[1] 5
[1] 5
[1] 5
[1] 5
[1] 5
[1] 5
[1] 5
[1] 6
[1] 5
[1] 6
[1] 6
[1] 6
[1] 6
[1] 6
[1] 6
[1] 6
[1] 6
[1] 7
[1] 6
[1] 7
[1] 7
[1] 7
[1] 7
[1] 7
[1] 7
[1] 7
[1] 8
[1] 7
[1] 8
[1] 7
[1] 8
[1] 8
[1] 8
[1] 8
[1] 9
[1] 8
[1] 8
[1] 8
[1] 9
[1] 8
[1] 9
[1] 10
[1] 9
[1] 9
[1] 9
[1] 9
[1] 9
[1] 9
[1] 10
[1] 9
[1] 10
[1] 11
[1] 10
[1] 10
[1] 10
[1] 10
[1] 10
[1] 11
[1] 10
[1] 10
[1] 11
[1] 12
[1] 11
[1] 11
[1] 11
[1] 11
[1] 11
[1] 12
[1] 11
[1] 11
[1] 12
[1] 13
[1] 12
[1] 12
[1] 12
[1] 12
[1] 13
[1] 12
[1] 12
[1] 14
[1] 12
[1] 13
[1] 13
[1] 13
[1] 13
[1] 14
[1] 13
[1] 13
[1] 13
[1] 15
[1] 14
[1] 13
[1] 14
[1] 15
[1] 14
[1] 14
[1] 16
[1] 14
[1] 14
[1] 14
[1] 16
[1] 15
[1] 14
[1] 17
[1] 15
[1] 15
[1] 15
[1] 15
[1] 17
[1] 15
[1] 15
[1] 16
[1] 18
[1] 15
[1] 16
[1] 18
[1] 16
[1] 16
[1] 16
[1] 16
[1] 16
[1] 19
[1] 17
[1] 16
[1] 19
[1] 17
[1] 17
[1] 17
[1] 17
[1] 20
[1] 17
[1] 17
[1] 18
[1] 20
[1] 17
[1] 18
[1] 21
[1] 18
[1] 18
[1] 18
[1] 18
[1] 21
[1] 18
[1] 19
[1] 22
[1] 18
[1] 19
[1] 22
[1] 19
[1] 19
[1] 19
[1] 19
[1] 20
[1] 19
[1] 23
[1] 23
[1] 20
[1] 19
[1] 21
[1] 20
[1] 20
[1] 20
[1] 24
[1] 21
[1] 20
[1] 24
[1] 21
[1] 20
[1] 22
[1] 21
[1] 25
[1] 21
[1] 21
[1] 22
[1] 25
[1] 21
[1] 22
[1] 23
[1] 21
[1] 22
[1] 26
[1] 22
[1] 23
[1] 22
[1] 26
[1] 22
[1] 23
[1] 22
[1] 24
[1] 27
[1] 23
[1] 27
[1] 23
[1] 24
[1] 23
[1] 23
[1] 24
[1] 28
[1] 23
[1] 25
[1] 28
[1] 24
[1] 25
[1] 24
[1] 24
[1] 25
[1] 29
[1] 24
[1] 24
[1] 29
[1] 26
[1] 25
[1] 26
[1] 25
[1] 26
[1] 25
[1] 30
[1] 30
[1] 25
[1] 25
[1] 27
[1] 26
[1] 27
[1] 26
[1] 31
[1] 27
[1] 26
[1] 31
[1] 26
[1] 26
[1] 28
[1] 27
[1] 32
[1] 28
[1] 27
[1] 32
[1] 28
[1] 27
[1] 27
[1] 33
[1] 27
[1] 29
[1] 28
[1] 29
[1] 33
[1] 28
[1] 29
[1] 34
[1] 28
[1] 28
[1] 28
[1] 30
[1] 34
[1] 29
[1] 30
[1] 29
[1] 35
[1] 30
[1] 29
[1] 29
[1] 35
[1] 31
[1] 29
[1] 31
[1] 30
[1] 30
[1] 36
[1] 31
[1] 30
[1] 30
[1] 36
[1] 32
[1] 30
[1] 32
[1] 31
[1] 31
[1] 37
[1] 32
[1] 31
[1] 31
[1] 37
[1] 33
[1] 31
[1] 33
[1] 38
[1] 32
[1] 32
[1] 33
[1] 32
[1] 38
[1] 32
[1] 34
[1] 32
[1] 34
[1] 39
[1] 33
[1] 33
[1] 39
[1] 34
[1] 33
[1] 35
[1] 33
[1] 40
[1] 33
[1] 35
[1] 34
[1] 34
[1] 40
[1] 35
[1] 41
[1] 34
[1] 36
[1] 34
[1] 36
[1] 41
[1] 34
[1] 35
[1] 35
[1] 42
[1] 35
[1] 36
[1] 37
[1] 35
[1] 37
[1] 42
[1] 35
[1] 36
[1] 36
[1] 43
[1] 36
[1] 37
[1] 38
[1] 38
[1] 36
[1] 43
[1] 36
[1] 37
[1] 37
[1] 44
[1] 37
[1] 39
[1] 38
[1] 44
[1] 39
[1] 37
[1] 37
[1] 45
[1] 38
[1] 38
[1] 38
[1] 45
[1] 39
[1] 40
[1] 40
[1] 38
[1] 46
[1] 38
[1] 39
[1] 39
[1] 46
[1] 39
[1] 41
[1] 47
[1] 40
[1] 41
[1] 39
[1] 39
[1] 47
[1] 40
[1] 40
[1] 48
[1] 42
[1] 41
[1] 42
[1] 40
[1] 48
[1] 40
[1] 40
[1] 49
[1] 41
[1] 41
[1] 42
[1] 43
[1] 43
[1] 49
[1] 41
[1] 50
[1] 41
[1] 41
[1] 42
[1] 42
[1] 43
[1] 50
[1] 44
[1] 44
[1] 51
[1] 42
[1] 42
[1] 44
[1] 42
[1] 51
[1] 43
[1] 43
[1] 45
[1] 52
[1] 45
[1] 43
[1] 52
[1] 45
[1] 43
[1] 43
[1] 44
[1] 53
[1] 44
[1] 46
[1] 46
[1] 46
[1] 53
[1] 44
[1] 44
[1] 54
[1] 45
[1] 44
[1] 45
[1] 47
[1] 47
[1] 54
[1] 47
[1] 45
[1] 45
[1] 55
[1] 46
[1] 45
[1] 48
[1] 46
[1] 55
[1] 48
[1] 48
[1] 56
[1] 46
[1] 46
[1] 49
[1] 47
[1] 46
[1] 56
[1] 47
[1] 49
[1] 49
[1] 57
[1] 47
[1] 47
[1] 50
[1] 48
[1] 57
[1] 47
[1] 50
[1] 48
[1] 50
[1] 58
[1] 48
[1] 48
[1] 51
[1] 49
[1] 58
[1] 48
[1] 51
[1] 49
[1] 51
[1] 59
[1] 49
[1] 49
[1] 52
[1] 59
[1] 49
[1] 50
[1] 52
[1] 50
[1] 52
[1] 60
[1] 50
[1] 50
[1] 60
[1] 53
[1] 51
[1] 50
[1] 53
[1] 51
[1] 53
[1] 61
[1] 61
[1] 51
[1] 51
[1] 54
[1] 52
[1] 54
[1] 51
[1] 62
[1] 52
[1] 62
[1] 54
[1] 52
[1] 55
[1] 52
[1] 55
[1] 63
[1] 53
[1] 52
[1] 63
[1] 53
[1] 55
[1] 56
[1] 64
[1] 53
[1] 56
[1] 53
[1] 64
[1] 54
[1] 53
[1] 57
[1] 56
[1] 65
[1] 54
[1] 65
[1] 54
[1] 57
[1] 54
[1] 58
[1] 55
[1] 54
[1] 57
[1] 66
[1] 55
[1] 66
[1] 58
[1] 59
[1] 55
[1] 55
[1] 56
[1] 55
[1] 67
[1] 67
[1] 58
[1] 56
[1] 60
[1] 59
[1] 56
[1] 68
[1] 56
[1] 68
[1] 57
[1] 56
[1] 61
[1] 59
[1] 57
[1] 69
[1] 69
[1] 60
[1] 57
[1] 57
[1] 62
[1] 58
[1] 57
[1] 70
[1] 60
[1] 58
[1] 70
[1] 61
[1] 58
[1] 63
[1] 58
[1] 71
[1] 59
[1] 58
[1] 71
[1] 61
[1] 59
[1] 64
[1] 62
[1] 72
[1] 59
[1] 59
[1] 72
[1] 60
[1] 59
[1] 62
[1] 65
[1] 73
[1] 60
[1] 63
[1] 60
[1] 73
[1] 60
[1] 61
[1] 60
[1] 74
[1] 63
[1] 66
[1] 61
[1] 64
[1] 74
[1] 61
[1] 61
[1] 62
[1] 75
[1] 61
[1] 67
[1] 64
[1] 75
[1] 62
[1] 65
[1] 76
[1] 62
[1] 62
[1] 68
[1] 63
[1] 62
[1] 76
[1] 65
[1] 77
[1] 63
[1] 66
[1] 69
[1] 63
[1] 77
[1] 63
[1] 64
[1] 63
[1] 78
[1] 66
[1] 70
[1] 64
[1] 78
[1] 67
[1] 64
[1] 79
[1] 64
[1] 65
[1] 64
[1] 71
[1] 79
[1] 67
[1] 65
[1] 80
[1] 68
[1] 65
[1] 65
[1] 72
[1] 80
[1] 66
[1] 65
Loading required package: glmnet
Loading required package: Matrix
[1] 68
[1] 69
[1] 66
[1] 73
[1] 66
[1] 67
[1] 66
[1] 69
[1] 66
[1] 70
Loaded glmnet 4.0
Loading required package: ppls
Loading required package: splines
Loading required package: Epi
[1] 74
[1] 67
[1] 67
Loading required package: GeneNet
Loading required package: corpcor
[1] 68
Loading required package: longitudinal
Loading required package: fdrtool
[1] 67

Attaching package: ‘matrixcalc’

The following object is masked from ‘package:corpcor’:

    is.positive.definite

[1] 70
[1] 67
[1] 71
[1] 75
[1] 68
[1] 68
[1] 69
[1] 68
[1] 76
[1] 71
[1] 68
[1] 72
[1] 1
[1] 69
[1] 69
[1] 70
[1] 77
[1] 69
[1] 69
[1] 72
[1] 73
[1] 2
[1] 70
[1] 70
[1] 78
[1] 71
[1] 70
[1] 74
[1] 73
[1] 70
[1] 79
[1] 3
[1] 71
[1] 71
[1] 72
[1] 71
[1] 74
[1] 75
[1] 71
[1] 80
[1] 72
[1] 4
[1] 72
[1] 73
[1] 76
[1] 72
[1] 75
[1] 72
[1] 5
[1] 73
[1] 73
[1] 74
[1] 77
[1] 73
[1] 76
[1] 73
[1] 6
[1] 74
[1] 74
[1] 75
[1] 78
[1] 77
[1] 74
[1] 74
[1] 7
[1] 75
[1] 75
[1] 76
[1] 79
[1] 78
[1] 75
[1] 75
[1] 76
[1] 8
[1] 76
[1] 80
[1] 77
[1] 79
[1] 76
[1] 76
[1] 77
[1] 9
[1] 77
[1] 78
[1] 80
[1] 77
[1] 77
[1] 78
[1] 10
[1] 78
[1] 79
[1] 78
[1] 78
[1] 79
[1] 11
[1] 79
[1] 80
[1] 79
[1] 79
[1] 80
[1] 12
[1] 80
[1] 80
[1] 80
[1] 13
[1] 14
[1] 15
[1] 16
[1] 17
[1] 18
[1] 19
[1] 20
[1] 21
[1] 22
[1] 23
[1] 24
[1] 25
[1] 26
[1] 27
[1] 28
[1] 29
[1] 30
[1] 31
[1] 32
[1] 33
[1] 34
[1] 35
[1] 36
[1] 37
[1] 38
[1] 39
[1] 40
[1] 41
[1] 42
[1] 43
[1] 44
[1] 45
[1] 46
[1] 47
[1] 48
[1] 49
[1] 50
[1] 51
[1] 52
[1] 53
[1] 54
[1] 55
[1] 56
[1] 57
[1] 58
[1] 59
[1] 60
[1] 61
[1] 62
[1] 63
[1] 64
[1] 65
[1] 66
[1] 67
[1] 68
[1] 69
[1] 70
[1] 71
[1] 72
[1] 73
[1] 74
[1] 75
[1] 76
[1] 77
[1] 78
[1] 79
[1] 80


All commands completed successfully. :-)

Number of  Commands: 0


All commands completed successfully. :-)

0.113878396253567 0.00601403626398599 -0.288931177396078 0.116845890383727 -0.0623951849270095
-0.205825241959544 -0.0425106229329352 0.105869306750978 0.0838863166639172 0.920431470167386
0.0605997439072028 -0.0508613970136117 0.164942283336133 -0.00112858642312629 -0.301625988940669
0.109961871268385 0.0710023601020177 -0.106157338939236 0.00382841567848074 -0.283980480309488
0.0313556107702362 -0.117342721827068 0.280786277842155 0.207292724489357 0.210872306047815
-0.0944754437140381 -0.0237016701791684 -0.0147142461709549 0.132546480887615 -0.108348952361475
-0.0141547905977095 -0.0422046105306696 0.186753135798492 0.082800764929794 -0.506202082833695
-0.179222323877243 -0.212943725667422 0.429788773722009 -0.251571324771214 -0.0384336560015133
-0.125922560665045 0.00617563631226195 -0.0139554588809544 -0.0104858380082145 0.248608634524207
0.00386169437156249 -0.118406078651811 0.0250858275656114 0.000967996126965326 -0.252317460710084
Number of  Commands: 0


All commands completed successfully. :-)

